<?xml version="1.0" encoding="UTF-8"?>
<!-- Generated by org.testng.reporters.JUnitReportReporter -->
<testsuite hostname="Mamun" failures="0" tests="1" name="com.nexttech.Stepdefs.Actions_Class" time="28.228" errors="0" timestamp="30 Jun 2021 00:24:36 GMT" skipped="0">
  <testcase classname="com.nexttech.Stepdefs.Actions_Class" name="dropdown" time="28.228"/>
</testsuite> <!-- com.nexttech.Stepdefs.Actions_Class -->
