<?xml version="1.0" encoding="UTF-8"?>
<!-- Generated by org.testng.reporters.JUnitReportReporter -->
<testsuite hostname="Mamun" failures="0" tests="1" name="com.nexttech.testrunner.TestRunnerNG$TestRunner" time="0.013" errors="0" timestamp="24 Jun 2021 06:04:39 GMT" skipped="0">
  <testcase classname="com.nexttech.testrunner.TestRunnerNG$TestRunner" name="feature" time="0.013"/>
</testsuite> <!-- com.nexttech.testrunner.TestRunnerNG$TestRunner -->
